Step 1/30 : FROM nvidia/cuda:10.0-cudnn7-runtime-ubuntu16.04
 ---> 0a5277566ee0
Step 2/30 : MAINTAINER chenaoki <chenaoki@gmail.com>
 ---> Using cache
 ---> e01df89d6540
Step 3/30 : RUN echo "now building"
 ---> Using cache
 ---> e63355414006
Step 4/30 : RUN apt-get update --fix-missing && apt-get -y install                    build-essential                    git vim curl wget zsh make ffmpeg wget bzip2                    ca-certificates                    zlib1g-dev                    libssl-dev                    libbz2-dev                    libreadline-dev                    libsqlite3-dev                    libglib2.0-0                    libxext6                    libsm6                    libxrender1                    llvm                    libncurses5-dev                    libncursesw5-dev                    libpng-dev                    libgtk2.0-0                    mercurial                    subversion                    python-qt4
 ---> Using cache
 ---> 2c829f9426ab
Step 5/30 : USER root
 ---> Using cache
 ---> da3ea94de7b3
Step 6/30 : ENV HOME /root
 ---> Using cache
 ---> 2c885413915a
Step 7/30 : ENV NOTEBOOK_HOME /notebooks
 ---> Using cache
 ---> d9df3d56b9ae
Step 8/30 : ENV LANG=C.UTF-8 LC_ALL=C.UTF-8
 ---> Using cache
 ---> 7833ab70a02d
Step 9/30 : ENV PATH /opt/conda/bin:$PATH
 ---> Using cache
 ---> c019adee9423
Step 10/30 : RUN wget --quiet https://repo.anaconda.com/archive/Anaconda2-4.3.1-Linux-x86_64.sh -O ~/anaconda.sh &&   /bin/bash ~/anaconda.sh -b -p /opt/conda &&   rm ~/anaconda.sh &&   ln -s /opt/conda/etc/profile.d/conda.sh /etc/profile.d/conda.sh &&   echo ". /opt/conda/etc/profile.d/conda.sh" >> ~/.bashrc &&   echo "conda activate base" >> ~/.bashrc
 ---> Using cache
 ---> 2bc24ffe0f41
Step 11/30 : RUN apt-get install -y curl grep sed dpkg &&   TINI_VERSION=`curl https://github.com/krallin/tini/releases/latest | grep -o "/v.*\"" | sed 's:^..\(.*\).$:\1:'` &&   curl -L "https://github.com/krallin/tini/releases/download/v${TINI_VERSION}/tini_${TINI_VERSION}.deb" > tini.deb &&   dpkg -i tini.deb &&   rm tini.deb &&   apt-get clean
 ---> Using cache
 ---> df35240c8d61
Step 12/30 : RUN conda update -y conda
 ---> Using cache
 ---> 4af388d040d4
Step 13/30 : RUN conda install -c numba numba=0.33.0
 ---> Using cache
 ---> 457816e79a1a
Step 14/30 : RUN conda install -c numba -y pyculib=1.0.1
 ---> Using cache
 ---> 0d8f21221dee
Step 15/30 : RUN conda install --override-channels -c anaconda chainer
 ---> Using cache
 ---> 3ee1f3d50b09
Step 16/30 : RUN pip install --upgrade pip
 ---> Using cache
 ---> efa230ce71b2
Step 17/30 : RUN pip install cupy-cuda100
 ---> Using cache
 ---> 1d28df888b87
Step 18/30 : WORKDIR $HOME
 ---> Using cache
 ---> f109e64fc9c3
Step 19/30 : RUN jupyter notebook --generate-config
 ---> Using cache
 ---> e4d300a46fd7
Step 20/30 : RUN echo "c.NotebookApp.ip = '*'" >> $HOME/.jupyter/jupyter_notebook_config.py
 ---> Using cache
 ---> f39c8322f1ea
Step 21/30 : RUN echo "c.NotebookApp.port = 8888" >> $HOME/.jupyter/jupyter_notebook_config.py
 ---> Using cache
 ---> 051e550ab50b
Step 22/30 : RUN echo "c.NotebookApp.open_browser = False" >> $HOME/.jupyter/jupyter_notebook_config.py
 ---> Using cache
 ---> aa23f783b08a
Step 23/30 : RUN echo "c.NotebookApp.notebook_dir = '$NOTEBOOK_HOME'" >> $HOME/.jupyter/jupyter_notebook_config.py
 ---> Using cache
 ---> aeb2d23ba600
Step 24/30 : RUN echo "cloning dotfiles"
 ---> Using cache
 ---> 7e5350161cdb
Step 25/30 : WORKDIR $HOME
 ---> Using cache
 ---> 70d631cc7222
Step 26/30 : RUN git clone https://github.com/chenaoki/dotfiles.git
 ---> Using cache
 ---> c32bbdd585d4
Step 27/30 : WORKDIR $HOME/dotfiles
 ---> Using cache
 ---> a2b16a683bd5
Step 28/30 : RUN python install.py
 ---> Using cache
 ---> cb8527225daf
Step 29/30 : RUN mkdir -p $NOTEBOOK_HOME
 ---> Using cache
 ---> 0a8c3734b899
Step 30/30 : CMD ["sh", "-c", "jupyter notebook > $NOTEBOOK_HOME/log.txt 2>&1"]
 ---> Using cache
 ---> cf1b2f35e10e

Successfully built cf1b2f35e10e
Successfully tagged chenaoki/elecpy_cpv:latest
